BEB
Aaron Ashby,NA
Samuel Basallo*,BAL
Brett Baty,NYM
David Bednar,PIT
Michael Busch,LAD
Dominic Canzone,2TM
Dylan Crews,WSN
Reid Detmers,LAA
Bryce Eldridge*,SFG
Josh Hader,SDP
Kyle Harrison,SFG
Michael Harris,ATL
Kenley Jansen,BOS
Heston Kjerstad,BAL
Jake Latz,TEX
Brooks Lee#,MIN
Nick Lodolo,CIN
Jacob Lopez,TBR
Noelvi Marte,CIN
Dustin May,LAD
Shane McClanahan,TBR
Luis Morales,ATH
Connor Norby,BAL
Ryan Pepiot,LAD
Yariel Rodriguez,TOR
Dalton Rushing*,LAD
Corey Seager,TEX
Matt Shaw,CHC
George Springer,TOR
Justin Sterner,TBR
Gavin Stone,LAD
Kyle Teel*,CHW
Gleyber Torres,NYY
Miguel Vargas,LAD
Louie Varland,MIN
Justin Verlander,2TM
Trey Yesavage,TOR

BFP
Mick Abel,PHI
Roman Anthony*,BOS
Sean Burke,CHW
Corbin Burnes,MIL
Mike Burrows,PIT
Edward Cabrera,MIA
Junior Caminero,TBR
Corbin Carroll,ARI
Cade Cavalli,WSN
Jackson Chourio,MIL
Edwin Diaz,NA
Jasson Dominguez,NYY
Harry Ford,SEA
Maikel Garcia,KCR
Hogan Harris,OAK
Griffin Jax,MIN
Ryan Jeffers,MIN
Jackson Jobe,DET
Luke Keaschall,MIN
Nick Kurtz*,ATH
Jordan Lawlar,ARI
Dylan Lee,ATL
Otto Lopez,MIA
Christian Moore,LAA
Andres Munoz,SEA
Ceddanne Rafaela,BOS
Cal Raleigh,SEA
Carlos Rodon,NYY
Grayson Rodriguez,BAL
Miguel Rojas,LAD
Framber Valdez,HOU
Ryan Walker,SFG
Zack Wheeler,PHI
Carson Williams,TBR
Gavin Williams,CLE
Masyn Winn,STL
Bryan Woo,SEA

CEC
Francisco Alvarez,NYM
Jonathan Aranda,TBR
Alec Burleson,STL
Chase Burns,CIN
Owen Caissie*,CHC
Joey Cantillo,CLE
Garrett Crochet,CHW
Pete Crow-Armstrong,CHC
Connelly Early*,BOS
Carlos Estevez,LAA
Kevin Gausman,TOR
Brady House,WSN
Carter Jensen*,KCR
Merrill Kelly,ARI
Pablo Lopez,MIN
Rhett Lowder,CIN
Parker Messick*,CLE
Cedric Mullins,BAL
Geraldo Perdomo,ARI
Cole Ragans,2TM
Drew Rasmussen,TBR
Austin Riley,ATL
Brent Rooker,OAK
Landen Roupp,SFG
Ian Seymour*,TBR
Blake Snell,SDP
Tyler Soderstrom,OAK
Edmundo Sosa,PHI
Bryson Stott,PHI
Payton Tolle*,BOS
Edwin Uceta,NYM
Alex Vesia,LAD
Mark Vientos,NYM
Jacob Wilson,OAK
James Wood,WSN
Brandon Woodruff,MIL
Cole Young*,SEA

DHL
Spencer Arrighetti,HOU
Braxton Ashcraft,PIT
Harrison Bader,2TM
Patrick Bailey,SFG
Scott Barlow,2TM
Matt Brash,SEA
Noah Cameron*,KCR
Matt Chapman,TOR
Isaac Collins#,MIL
Fernando Cruz,CIN
Seranthony Dominguez,PHI
Bryce Elder,ATL
Tyler Glasnow,TBR
Hunter Greene,CIN
Jimmy Herget,LAA
Danny Jansen,TOR
Brendon Little,TOR
Michael Lorenzen,2TM
Zach McKinstry,DET
Nolan McLean,NYM
Jeff McNeil,NYM
Gabriel Moreno,ARI
Lars Nootbaar,STL
Shohei Ohtani,LAA
Steven Okert,MIA
Matt Olson,ATL
David Peterson,NYM
Drew Pomeranz*,CHC
Randy Rodriguez,SFG
Spencer Schwellenbach,ATL
Jeffrey Springs,TBR
Fernando Tatis Jr.,SDP
Mike Tauchman,CHC
Brice Turang,MIL
Will Vest,DET
Anthony Volpe,NYY
Tyler Wells,BAL

DRAFT
Ian Anderson,NA
Jeimer Candelario,2TM
Garrett Cooper,2TM
Kutter Crawford,BOS
Paul DeJong,3TM
Alexis Diaz,CIN
Joey Estes,OAK
Parker Meadows,DET
Jose Miranda,MIN
Nate Pearson,TOR
Zach Plesac,CLE
Johan Rojas,PHI
Albert Suarez,BAL
Alex Verdugo,BOS
Matt Vierling,DET
Connor Wong,BOS
Masataka Yoshida,BOS

EEB
Keegan Akin,BAL
Randy Arozarena,TBR
Luis Arraez,MIA
Shane Baz,NA
Dylan Beavers*,BAL
Jose Berrios,TOR
Alex Bregman,HOU
Ben Brown,CHC
Kristian Campbell,BOS
Victor Caratini,MIL
Luis Castillo,SEA
Gerrit Cole,NYY
Colton Cowser,BAL
Brendan Donovan,STL
Vladimir Guerrero Jr.,TOR
Jung Hoo Lee,SFG
Jack Leiter,TEX
Francisco Lindor,NYM
Josh Lowe,TBR
Seth Lugo,SDP
Zebby Matthews,MIN
Ronny Mauricio,NYM
Coby Mayo,BAL
Mason Miller,OAK
Ryan Mountcastle,BAL
Agustin Ramirez,MIA
Julio Rodriguez,SEA
Keibert Ruiz,WSN
Joe Ryan,MIN
Cade Smith,CLE
Brandon Sproat,NYM
Matt Strahm,PHI
Jonah Tong,NYM
Kyle Tucker,HOU
Devin Williams,MIL

GFB
Yordan Alvarez,HOU
Nolan Arenado,STL
Josh Bell,2TM
Brayan Bello,BOS
Tanner Bibee,CLE
Jose Caballero,SEA
Jac Caglianone*,KCR
Bubba Chandler,PIT
Jazz Chisholm Jr.,MIA
Aaron Civale,2TM
J.P. Crawford,SEA
Camilo Doval,SFG
Braydon Fisher,TOR
Luis Gil,NYY
Ian Happ,CHC
Jeff Hoffman,PHI
Brant Hurter,DET
Aaron Judge,NYY
Jakob Junis,SFG
George Kirby,SEA
Trevor Larnach,MIN
Brandon Lowe,TBR
Michael McGreevy,STL
John Means,BAL
Trevor Megill,MIL
Jacob Melton*,HOU
Troy Melton,DET
Logan O'Hoppe,LAA
Johan Oviedo,PIT
J.T. Realmuto,PHI
Thomas Saggese,STL
Cristopher Sanchez,PHI
Jesus Sanchez,MIA
Roki Sasaki,LAD
Alek Thomas,ARI
Michael Toglia,COL
Zac Veen*,COL

GST
Pete Alonso,NYM
Jose Altuve,HOU
Miguel Andujar,PIT
Shawn Armstrong,TBR
Felix Bautista,BAL
Ronel Blanco,HOU
Cody Bradford,TEX
Kyle Bradish,BAL
Hunter Brown,HOU
Kris Bubic,KCR
Byron Buxton,MIN
Emmanuel Clase,CLE
Garrett Cleavinger,TBR
Jarren Duran,BOS
Jhoan Duran,MIN
Xavier Edwards,MIA
Lucas Erceg,OAK
Jake Fraley,CIN
J.T. Ginn,OAK
Ivan Herrera,STL
Kyle Higashioka,NYY
Edouard Julien,MIN
Ramon Laureano,2TM
Jesus Luzardo,MIA
Manny Machado,SDP
Chris Martin,BOS
Phil Maton,HOU
Carlos Narvaez,NYY
Marcell Ozuna,ATL
Nick Pivetta,BOS
Robbie Ray,SEA
Rob Refsnyder,BOS
Kumar Rocker,TEX
Kodai Senga,NYM
Caleb Thielbar,MIN
Trea Turner,PHI

KLO
Jo Adell,LAA
Graham Ashcraft,CIN
Taj Bradley,TBR
Evan Carter,TEX
Jack Dreyer*,LAD
Luis Garcia,WSN
Hunter Goodman,COL
Orion Kerkering,PHI
Bryan King,HOU
Royce Lewis,MIN
Matthew Liberatore,STL
Jakob Marsee*,MIA
Brandon Marsh,PHI
Bobby Miller,LAD
Casey Mize,NA
Adrian Morejon,SDP
Sean Newcomb,OAK
Bailey Ober,MIN
Reese Olson,DET
Andre Pallante,STL
Isaac Paredes,TBR
Vinnie Pasquantino,KCR
Jeremy Pena,HOU
Heliot Ramos,SFG
Luis Robert,CHW
Trevor Rogers,MIA
Nolan Schanuel,LAA
Cam Schlittler,NYY
Lenyn Sosa,CHW
Bennett Sousa,2TM
Gabe Speier,SEA
Tyler Stephenson,CIN
Matt Svanson,STL
Ryan Weathers,2TM
Austin Wells,NYY
Simeon Woods Richardson,MIN
Yoshinobu Yamamoto,LAD

KLQ
Wilyer Abreu,BOS
Cody Bellinger,CHC
Andrew Benintendi,CHW
Mookie Betts,LAD
Jose Butto,NYM
Kerry Carpenter,DET
Dylan Cease,CHW
William Contreras,MIL
Carlos Correa,MIN
Nic Enright,CLE
Didier Fuentes,ATL
Hunter Gaddis,CLE
Mitch Garver,TEX
Logan Gilbert,SEA
Tony Gonsolin,LAD
Romy Gonzalez,CHW
Jake Irvin,WSN
Clayton Kershaw,LAD
Steven Kwan,CLE
Wyatt Langford,TEX
Hoby Milner,MIL
Jordan Montgomery,2TM
Matt Moore,3TM
Aaron Nola,PHI
Daniel Palencia,CHC
Chad Patrick,MIL
Taylor Rogers,SFG
JoJo Romero,STL
Shane Smith,CHW
Jose Soriano,LAA
Juan Soto,SDP
Myles Straw,CLE
Ranger Suarez,PHI
Justin Topa,SEA
Andrew Vaughn,CHW
Jordan Westburg,BAL
Cole Winn,TEX

KSS
CJ Abrams,WSN
Logan Allen,CLE
Tyler Anderson,LAA
Lawrence Butler,OAK
Rafael Devers,BOS
Jeremiah Estrada,CHC
Pete Fairbanks,TBR
Zack Gelof,OAK
Nolan Gorman,STL
Austin Hays,BAL
Spencer Horwitz,TOR
Jose Iglesias,NYM
Jace Jung,DET
Mitch Keller,PIT
Kevin Kelly,TBR
Andrew Kittredge,TBR
Michael Kopech,CHW
Dean Kremer,BAL
Ben Lively,CIN
Kyle Manzardo,CLE
Nick Martinez,SDP
Jackson Merrill,SDP
Sean Murphy,ATL
Ryan O'Hearn,BAL
Jorge Polanco,MIN
Jose Quintana,NYM
Jose Ramirez,CLE
Colin Rea,MIL
Adley Rutschman,BAL
Tanner Scott,MIA
Luis Severino,NYY
Ryne Stanek,HOU
Brent Suter,COL
Taylor Ward,LAA
Ryan Yarbrough,2TM
Mike Yastrzemski,SFG
Kirby Yates,ATL

MHH
Jason Adam,TBR
Anthony Bender,MIA
Ryan Bergert,SDP
Matthew Boyd,DET
Aroldis Chapman,2TM
Yandy Diaz,TBR
Trent Grisham,SDP
Teoscar Hernandez,SEA
Cade Horton,CHC
Adrian Houser,MIL
Jonathan India,CIN
Carson Kelly,2TM
Ha-Seong Kim,SDP
Zack Littell,2TM
Nathan Lukes,TOR
Gavin Lux,NA
Tyler Mahle,MIN
Ketel Marte,ARI
Isaac Mattson,PIT
Steven Matz,STL
Jake Meyers,HOU
Garrett Mitchell,MIL
Josh Naylor,CLE
Ryne Nelson,ARI
Brandon Nimmo,NYM
Riley O'Brien,STL
Salvador Perez,KCR
Luis Rengifo,LAA
Bryan Reynolds,PIT
Tyler Rogers,SFG
Tony Santillan,CIN
Trevor Story,BOS
Kyle Stowers,BAL
Eugenio Suarez,SEA
Mike Vasil,CHW
Randy Vasquez,NYY
Hurston Waldrep,ATL

MHM
Andrew Abbott,CIN
Sandy Alcantara,MIA
Javier Assad,CHC
Javier Baez,DET
Addison Barger,TOR
Yainer Diaz,HOU
Freddy Fermin,KCR
Kyle Freeland,COL
Freddie Freeman,LAD
Luis Garcia,HOU
Lourdes Gurriel Jr.,ARI
Nico Hoerner,CHC
Jackson Holliday,BAL
Raisel Iglesias,ATL
Shota Imanaga,CHC
Cristian Javier,HOU
Brad Keller,KCR
Eric Lauer,MIL
Justin Lawrence,COL
Daylen Lile*,WSN
Brad Lord,WSN
Alec Marsh,KCR
Matt McLain,CIN
Yoan Moncada,CHW
Tobias Myers,MIL
Andy Pages,LAD
Freddy Peralta,MIL
Quinn Priester,PIT
Jurickson Profar,2TM
Cole Sands,MIN
Cam Smith,HOU
Jorge Soler,MIA
Dansby Swanson,CHC
Mike Trout,LAA
Jose Urena,2TM
Matt Wallner,MIN
Will Warren,NYY

PMT
Jake Burger,2TM
Willi Castro,MIN
Ernie Clement,TOR
Jake Cronenworth,SDP
Elly De La Cruz,CIN
Elias Diaz,COL
Adam Frazier,BAL
Max Fried,ATL
Adolis Garcia,TEX
Robert Garcia,2TM
Clay Holmes,NYY
Pierce Johnson,2TM
Max Kepler,MIN
Yusei Kikuchi,TOR
Jorge Lopez,3TM
Jake Mangum#,TBR
Ryan McMahon,COL
Max Muncy,LAD
Emilio Pagan,MIN
A.J. Puk,MIA
Edgar Quero#,CHW
Ben Rice,NYY
David Robertson,2TM
Chris Sale,BOS
Dennis Santana,NYM
Max Scherzer,2TM
JP Sears,OAK
Chandler Simpson*,TBR
Tarik Skubal,DET
Josh Smith,TEX
Robert Suarez,SDP
Jameson Taillon,CHC
Blake Treinen,LAD
Daulton Varsho,TOR
Luke Weaver,3TM
Bobby Witt,KCR

RHJ
Luisangel Acuna,NYM
Kevin Alcantara,CHC
Miguel Amaya,CHC
Moises Ballesteros*,CHC
Chris Bassitt,TOR
Jordan Beck,COL
Bo Bichette,TOR
Xander Bogaerts,SDP
Joe Boyle,OAK
Triston Casas,BOS
Slade Cecconi,ARI
Jacob deGrom,TEX
Chase Dollander,COL
Brenton Doyle,COL
Mauricio Dubon,HOU
Caleb Durbin,MIL
Nathan Eovaldi,TEX
Emerson Hancock,SEA
Bryce Harper,PHI
Ryan Helsley,STL
Logan Henderson,MIL
DJ Herz,WSN
Jordan Hicks,2TM
Stephen Kolek,SDP
Shea Langeliers,OAK
Joey Loperfido,HOU
Alek Manoah,TOR
Colson Montgomery*,CHW
Max Muncy,ATH
Kyle Schwarber,PHI
Brady Singer,KCR
Paul Skenes,PIT
Giancarlo Stanton,NYY
Justin Steele,CHC
Seiya Suzuki,CHC
Jordan Walker,STL
Garrett Whitlock,BOS

VWB
Ronald Acuna Jr.,ATL
Drake Baldwin*,ATL
JJ Bleday,OAK
Alec Bohm,PHI
Nestor Cortes,NYY
Oneil Cruz,PIT
Bryan De La Cruz,MIA
Tommy Edman,STL
TJ Friedl,CIN
Zac Gallen,ARI
MacKenzie Gore,WSN
Sonny Gray,MIN
Ronny Henriquez,MIN
Grant Holmes,ATL
Tyler Holton,DET
Alejandro Kirk,TOR
Kyle Leahy,STL
Jordan Leasure,CHW
Korey Lee,CHW
Sean Manaea,SFG
Angel Martinez#,CLE
Justin Martinez,ARI
Jake McCarthy,ARI
Nick Mears,COL
Chase Meidroth,CHW
Bryce Miller,SEA
Zach Neto,LAA
Wenceel Perez,DET
Brandon Pfaadt,ARI
Luke Raley,TBR
Marcus Semien,TEX
Spencer Steer,CIN
Sal Stewart,CIN
Christian Walker,ARI
Logan Webb,SFG
Justin Wrobleski,LAD

WAIVE
Jose Alvarado,PHI
Orlando Arcia,ATL
Joey Bart,SFG
Will Benson,CIN
Hayden Birdsong,SFG
Alex Call,WSN
Alexander Canario,CHC
Dylan Carlson,STL
Travis d'Arnaud,ATL
Henry Davis,PIT
Zach Eflin,TBR
David Festa,MIN
Bowden Francis,TOR
Yimi Garcia,TOR
Andres Gimenez,CLE
Paul Goldschmidt,STL
Ke'Bryan Hayes,PIT
Andrew Heaney,TEX
Porter Hodge,CHC
Reynaldo Lopez,3TM
Nathaniel Lowe,TEX
Bo Naylor,CLE
Luis Ortiz,PIT
Joc Pederson,SFG
Anthony Santander,BAL
Carlos Santana,2TM
John Schreiber,BOS
Trey Sweeney,DET
Ezequiel Tovar,COL
Taijuan Walker,PHI
Hayden Wesneski,CHC
Jacob Young,WSN

ZMG
Bryan Abreu,HOU
Willy Adames,MIL
Ozzie Albies,ATL
Eduard Bazardo,2TM
Shane Bieber,CLE
Nick Castellanos,PHI
Willson Contreras,STL
Dillon Dingler,DET
Kyle Finnegan,WSN
Jack Flaherty,2TM
Sal Frelick,MIL
Lucas Giolito,3TM
Riley Greene,DET
Gunnar Henderson,BAL
Jared Jones,PIT
Josh Jung,TEX
Colt Keith,DET
Michael King,NYY
Jared Koenig,MIL
Marcelo Mayer*,BOS
Max Meyer,MIA
Jacob Misiorowski,MIL
Mickey Moniak,LAA
Eury Perez,MIA
Ryan Pressly,HOU
Amed Rosario,2TM
Clarke Schmidt,NYY
Victor Scott II,STL
Emmet Sheehan,LAD
Will Smith,LAD
Spencer Strider,ATL
Grant Taylor,CHW
Spencer Torkelson,DET
Abner Uribe,MIL
Michael Wacha,SDP
Christian Yelich,MIL

